2026-03-11 09:15:31,602 [Worker-7: Loading available Gradle versions] INFO  o.e.b.c.i.u.g.PublishedGradleVersions - Gradle version information cache is not available. Remote download required.
2026-03-11 09:16:18,934 [Worker-12: https://www.codetogether.com/updates/ci/p2.index] INFO  o.a.h.c.h.i.c.HttpRequestRetryExec - ex-0000000069 recoverable I/O exception (java.net.SocketException) caught when sending request to https://edge.codetogether.com:443;request will be automatically re-executed in 0 MILLISECONDS (exec count 2)
2026-03-11 09:16:19,480 [Worker-5: https://www.codetogether.com/updates/ci/p2.index] INFO  o.a.h.c.h.i.c.HttpRequestRetryExec - ex-0000000070 recoverable I/O exception (java.net.SocketException) caught when sending request to https://edge.codetogether.com:443;request will be automatically re-executed in 0 MILLISECONDS (exec count 2)
2026-03-11 09:16:19,929 [Worker-39: https://www.codetogether.com/updates/ci/compositeContent.jar] INFO  o.a.h.c.h.i.c.HttpRequestRetryExec - ex-0000000074 recoverable I/O exception (java.net.SocketException) caught when sending request to https://edge.codetogether.com:443;request will be automatically re-executed in 0 MILLISECONDS (exec count 2)
2026-03-11 09:16:20,226 [Worker-30: https://www.codetogether.com/updates/ci/compositeContent.xml] INFO  o.a.h.c.h.i.c.HttpRequestRetryExec - ex-0000000075 recoverable I/O exception (java.net.SocketException) caught when sending request to https://edge.codetogether.com:443;request will be automatically re-executed in 0 MILLISECONDS (exec count 2)
2026-03-11 09:16:39,734 [Worker-2: https://www.codetogether.com/updates/ci/p2.index] INFO  o.a.h.c.h.i.c.HttpRequestRetryExec - ex-0000000146 recoverable I/O exception (java.net.SocketException) caught when sending request to https://edge.codetogether.com:443;request will be automatically re-executed in 0 MILLISECONDS (exec count 2)
2026-03-11 09:16:40,224 [Worker-21: https://www.codetogether.com/updates/ci/p2.index] INFO  o.a.h.c.h.i.c.HttpRequestRetryExec - ex-0000000147 recoverable I/O exception (java.net.SocketException) caught when sending request to https://edge.codetogether.com:443;request will be automatically re-executed in 0 MILLISECONDS (exec count 2)
2026-03-11 09:16:40,676 [Worker-14: https://www.codetogether.com/updates/ci/compositeContent.jar] INFO  o.a.h.c.h.i.c.HttpRequestRetryExec - ex-0000000151 recoverable I/O exception (java.net.SocketException) caught when sending request to https://edge.codetogether.com:443;request will be automatically re-executed in 0 MILLISECONDS (exec count 2)
2026-03-11 09:16:41,005 [Worker-7: https://www.codetogether.com/updates/ci/compositeContent.xml] INFO  o.a.h.c.h.i.c.HttpRequestRetryExec - ex-0000000152 recoverable I/O exception (java.net.SocketException) caught when sending request to https://edge.codetogether.com:443;request will be automatically re-executed in 0 MILLISECONDS (exec count 2)
2026-03-11 09:17:27,151 [Worker-22: https://www.codetogether.com/updates/ci/p2.index] INFO  o.a.h.c.h.i.c.HttpRequestRetryExec - ex-0000000209 recoverable I/O exception (java.net.SocketException) caught when sending request to https://edge.codetogether.com:443;request will be automatically re-executed in 0 MILLISECONDS (exec count 2)
2026-03-11 09:17:27,647 [Worker-25: https://www.codetogether.com/updates/ci/p2.index] INFO  o.a.h.c.h.i.c.HttpRequestRetryExec - ex-0000000210 recoverable I/O exception (java.net.SocketException) caught when sending request to https://edge.codetogether.com:443;request will be automatically re-executed in 0 MILLISECONDS (exec count 2)
2026-03-11 09:17:28,072 [Worker-10: https://www.codetogether.com/updates/ci/compositeArtifacts.jar] INFO  o.a.h.c.h.i.c.HttpRequestRetryExec - ex-0000000214 recoverable I/O exception (java.net.SocketException) caught when sending request to https://edge.codetogether.com:443;request will be automatically re-executed in 0 MILLISECONDS (exec count 2)
2026-03-11 09:17:28,399 [Worker-20: https://www.codetogether.com/updates/ci/compositeArtifacts.xml] INFO  o.a.h.c.h.i.c.HttpRequestRetryExec - ex-0000000215 recoverable I/O exception (java.net.SocketException) caught when sending request to https://edge.codetogether.com:443;request will be automatically re-executed in 0 MILLISECONDS (exec count 2)
2026-03-11 09:18:26,356 [Worker-3: Loading available Gradle versions] INFO  o.e.b.c.i.u.g.PublishedGradleVersions - Gradle version information cache is up-to-date. Trying to read.
2026-03-11 09:18:58,515 [Worker-8: Loading available Gradle versions] INFO  o.e.b.c.i.u.g.PublishedGradleVersions - Gradle version information cache is up-to-date. Trying to read.
2026-03-11 09:20:22,497 [Worker-8: Loading available Gradle versions] INFO  o.e.b.c.i.u.g.PublishedGradleVersions - Gradle version information cache is up-to-date. Trying to read.
2026-03-11 09:22:28,197 [Worker-23: Loading available Gradle versions] INFO  o.e.b.c.i.u.g.PublishedGradleVersions - Gradle version information cache is up-to-date. Trying to read.
2026-03-11 09:39:48,264 [Worker-2: Loading available Gradle versions] INFO  o.e.b.c.i.u.g.PublishedGradleVersions - Gradle version information cache is up-to-date. Trying to read.
2026-03-11 09:44:00,499 [Worker-1: Loading available Gradle versions] INFO  o.e.b.c.i.u.g.PublishedGradleVersions - Gradle version information cache is up-to-date. Trying to read.
2026-03-18 11:33:37,076 [Worker-1: Loading available Gradle versions] INFO  o.e.b.c.i.u.g.PublishedGradleVersions - Gradle version information cache is not available. Remote download required.
2026-03-18 19:26:56,509 [Worker-2: Loading available Gradle versions] INFO  o.e.b.c.i.u.g.PublishedGradleVersions - Gradle version information cache is up-to-date. Trying to read.
